<?xml version="1.0" encoding="UTF-8"?>
<testng-results ignored="0" total="4" passed="4" failed="0" skipped="0">
  <reporter-output>
  </reporter-output>
  <suite started-at="2025-07-16T15:47:55 IST" name="Suite" finished-at="2025-07-16T15:49:55 IST" duration-ms="120611">
    <groups>
      <group name="regressionTest">
        <method signature="CreatecontactTest.createcontactTest()[pri:0, instance:contact.CreatecontactTest@21be3395]" name="createcontactTest" class="contact.CreatecontactTest"/>
        <method signature="CreateOrganizationTest.createOrganizationTest()[pri:0, instance:organization.CreateOrganizationTest@7d322cad]" name="createOrganizationTest" class="organization.CreateOrganizationTest"/>
      </group> <!-- regressionTest -->
      <group name="smokeTest">
        <method signature="CreateOrganizationTest.createOrganizationTest()[pri:0, instance:organization.CreateOrganizationTest@7d322cad]" name="createOrganizationTest" class="organization.CreateOrganizationTest"/>
      </group> <!-- smokeTest -->
    </groups>
    <test started-at="2025-07-16T15:47:55 IST" name="Test" finished-at="2025-07-16T15:49:55 IST" duration-ms="120611">
      <class name="organization.CreateOrganizationTest">
        <test-method is-config="true" signature="BC()[pri:0, instance:organization.CreateOrganizationTest@7d322cad]" started-at="2025-07-16T15:49:08 IST" name="BC" finished-at="2025-07-16T15:49:09 IST" duration-ms="1203" status="PASS">
          <reporter-output>
          </reporter-output>
        </test-method> <!-- BC -->
        <test-method is-config="true" signature="BM()[pri:0, instance:organization.CreateOrganizationTest@7d322cad]" started-at="2025-07-16T15:49:09 IST" name="BM" finished-at="2025-07-16T15:49:15 IST" duration-ms="5538" status="PASS">
          <reporter-output>
          </reporter-output>
        </test-method> <!-- BM -->
        <test-method signature="createOrganizationTest()[pri:0, instance:organization.CreateOrganizationTest@7d322cad]" started-at="2025-07-16T15:49:15 IST" name="createOrganizationTest" finished-at="2025-07-16T15:49:25 IST" duration-ms="10001" status="PASS">
          <reporter-output>
          </reporter-output>
        </test-method> <!-- createOrganizationTest -->
        <test-method is-config="true" signature="AM()[pri:0, instance:organization.CreateOrganizationTest@7d322cad]" started-at="2025-07-16T15:49:25 IST" name="AM" finished-at="2025-07-16T15:49:26 IST" duration-ms="1361" status="PASS">
          <reporter-output>
          </reporter-output>
        </test-method> <!-- AM -->
        <test-method is-config="true" signature="BM()[pri:0, instance:organization.CreateOrganizationTest@7d322cad]" started-at="2025-07-16T15:49:26 IST" name="BM" finished-at="2025-07-16T15:49:29 IST" duration-ms="2908" status="PASS">
          <reporter-output>
          </reporter-output>
        </test-method> <!-- BM -->
        <test-method signature="m2()[pri:0, instance:organization.CreateOrganizationTest@7d322cad]" started-at="2025-07-16T15:49:29 IST" name="m2" finished-at="2025-07-16T15:49:29 IST" duration-ms="12" status="PASS">
          <reporter-output>
          </reporter-output>
        </test-method> <!-- m2 -->
        <test-method is-config="true" signature="AM()[pri:0, instance:organization.CreateOrganizationTest@7d322cad]" started-at="2025-07-16T15:49:29 IST" name="AM" finished-at="2025-07-16T15:49:33 IST" duration-ms="4222" status="PASS">
          <reporter-output>
          </reporter-output>
        </test-method> <!-- AM -->
        <test-method is-config="true" signature="AC()[pri:0, instance:organization.CreateOrganizationTest@7d322cad]" started-at="2025-07-16T15:49:33 IST" name="AC" finished-at="2025-07-16T15:49:34 IST" duration-ms="563" status="PASS">
          <reporter-output>
          </reporter-output>
        </test-method> <!-- AC -->
      </class> <!-- organization.CreateOrganizationTest -->
      <class name="contact.CreatecontactTest">
        <test-method is-config="true" signature="BC()[pri:0, instance:contact.CreatecontactTest@21be3395]" started-at="2025-07-16T15:49:34 IST" name="BC" finished-at="2025-07-16T15:49:36 IST" duration-ms="2194" status="PASS">
          <reporter-output>
          </reporter-output>
        </test-method> <!-- BC -->
        <test-method is-config="true" signature="BM()[pri:0, instance:contact.CreatecontactTest@21be3395]" started-at="2025-07-16T15:49:36 IST" name="BM" finished-at="2025-07-16T15:49:43 IST" duration-ms="6880" status="PASS">
          <reporter-output>
          </reporter-output>
        </test-method> <!-- BM -->
        <test-method signature="createcontactTest()[pri:0, instance:contact.CreatecontactTest@21be3395]" started-at="2025-07-16T15:49:43 IST" name="createcontactTest" finished-at="2025-07-16T15:49:54 IST" duration-ms="10778" status="PASS">
          <reporter-output>
          </reporter-output>
        </test-method> <!-- createcontactTest -->
        <test-method is-config="true" signature="AM()[pri:0, instance:contact.CreatecontactTest@21be3395]" started-at="2025-07-16T15:49:54 IST" name="AM" finished-at="2025-07-16T15:49:55 IST" duration-ms="1165" status="PASS">
          <reporter-output>
          </reporter-output>
        </test-method> <!-- AM -->
        <test-method is-config="true" signature="AC()[pri:0, instance:contact.CreatecontactTest@21be3395]" started-at="2025-07-16T15:49:55 IST" name="AC" finished-at="2025-07-16T15:49:55 IST" duration-ms="525" status="PASS">
          <reporter-output>
          </reporter-output>
        </test-method> <!-- AC -->
      </class> <!-- contact.CreatecontactTest -->
      <class name="campaign.CreateCampaignTest">
        <test-method is-config="true" signature="BS()[pri:0, instance:campaign.CreateCampaignTest@49b2a47d]" started-at="2025-07-16T15:47:55 IST" name="BS" finished-at="2025-07-16T15:47:55 IST" duration-ms="22" status="PASS">
          <reporter-output>
          </reporter-output>
        </test-method> <!-- BS -->
        <test-method is-config="true" signature="BT()[pri:0, instance:campaign.CreateCampaignTest@49b2a47d]" started-at="2025-07-16T15:47:56 IST" name="BT" finished-at="2025-07-16T15:47:56 IST" duration-ms="1" status="PASS">
          <reporter-output>
          </reporter-output>
        </test-method> <!-- BT -->
        <test-method is-config="true" signature="BC()[pri:0, instance:campaign.CreateCampaignTest@49b2a47d]" started-at="2025-07-16T15:47:56 IST" name="BC" finished-at="2025-07-16T15:48:02 IST" duration-ms="6430" status="PASS">
          <reporter-output>
          </reporter-output>
        </test-method> <!-- BC -->
        <test-method is-config="true" signature="BM()[pri:0, instance:campaign.CreateCampaignTest@49b2a47d]" started-at="2025-07-16T15:48:02 IST" name="BM" finished-at="2025-07-16T15:48:23 IST" duration-ms="21240" status="PASS">
          <reporter-output>
          </reporter-output>
        </test-method> <!-- BM -->
        <test-method signature="createCampaignTest()[pri:0, instance:campaign.CreateCampaignTest@49b2a47d]" started-at="2025-07-16T15:48:23 IST" name="createCampaignTest" finished-at="2025-07-16T15:49:05 IST" duration-ms="41711" status="PASS">
          <reporter-output>
          </reporter-output>
        </test-method> <!-- createCampaignTest -->
        <test-method is-config="true" signature="AM()[pri:0, instance:campaign.CreateCampaignTest@49b2a47d]" started-at="2025-07-16T15:49:05 IST" name="AM" finished-at="2025-07-16T15:49:07 IST" duration-ms="2186" status="PASS">
          <reporter-output>
          </reporter-output>
        </test-method> <!-- AM -->
        <test-method is-config="true" signature="AC()[pri:0, instance:campaign.CreateCampaignTest@49b2a47d]" started-at="2025-07-16T15:49:07 IST" name="AC" finished-at="2025-07-16T15:49:08 IST" duration-ms="649" status="PASS">
          <reporter-output>
          </reporter-output>
        </test-method> <!-- AC -->
        <test-method is-config="true" signature="AT()[pri:0, instance:campaign.CreateCampaignTest@49b2a47d]" started-at="2025-07-16T15:49:55 IST" name="AT" finished-at="2025-07-16T15:49:55 IST" duration-ms="0" status="PASS">
          <reporter-output>
          </reporter-output>
        </test-method> <!-- AT -->
        <test-method is-config="true" signature="AS()[pri:0, instance:campaign.CreateCampaignTest@49b2a47d]" started-at="2025-07-16T15:49:56 IST" name="AS" finished-at="2025-07-16T15:49:56 IST" duration-ms="0" status="PASS">
          <reporter-output>
          </reporter-output>
        </test-method> <!-- AS -->
      </class> <!-- campaign.CreateCampaignTest -->
    </test> <!-- Test -->
  </suite> <!-- Suite -->
</testng-results>
