<?xml version="1.0" encoding="UTF-8"?>
<testng-results ignored="0" total="4" passed="4" failed="0" skipped="0">
  <reporter-output>
  </reporter-output>
  <suite started-at="2025-07-16T08:44:19 IST" name="Suite" finished-at="2025-07-16T08:45:26 IST" duration-ms="66882">
    <groups>
      <group name="regressionTest">
        <method signature="CreatecontactTest.createcontactTest()[pri:0, instance:contact.CreatecontactTest@503f91c3]" name="createcontactTest" class="contact.CreatecontactTest"/>
        <method signature="CreateOrganizationTest.createOrganizationTest()[pri:0, instance:organization.CreateOrganizationTest@7098b907]" name="createOrganizationTest" class="organization.CreateOrganizationTest"/>
      </group> <!-- regressionTest -->
      <group name="smokeTest">
        <method signature="CreateOrganizationTest.createOrganizationTest()[pri:0, instance:organization.CreateOrganizationTest@7098b907]" name="createOrganizationTest" class="organization.CreateOrganizationTest"/>
      </group> <!-- smokeTest -->
    </groups>
    <test started-at="2025-07-16T08:44:19 IST" name="Test" finished-at="2025-07-16T08:45:26 IST" duration-ms="66882">
      <class name="organization.CreateOrganizationTest">
        <test-method is-config="true" signature="BC()[pri:0, instance:organization.CreateOrganizationTest@7098b907]" started-at="2025-07-16T08:44:44 IST" name="BC" finished-at="2025-07-16T08:44:46 IST" duration-ms="1273" status="PASS">
          <reporter-output>
          </reporter-output>
        </test-method> <!-- BC -->
        <test-method is-config="true" signature="BM()[pri:0, instance:organization.CreateOrganizationTest@7098b907]" started-at="2025-07-16T08:44:46 IST" name="BM" finished-at="2025-07-16T08:44:47 IST" duration-ms="1457" status="PASS">
          <reporter-output>
          </reporter-output>
        </test-method> <!-- BM -->
        <test-method signature="createOrganizationTest()[pri:0, instance:organization.CreateOrganizationTest@7098b907]" started-at="2025-07-16T08:44:47 IST" name="createOrganizationTest" finished-at="2025-07-16T08:45:00 IST" duration-ms="13392" status="PASS">
          <reporter-output>
          </reporter-output>
        </test-method> <!-- createOrganizationTest -->
        <test-method is-config="true" signature="AM()[pri:0, instance:organization.CreateOrganizationTest@7098b907]" started-at="2025-07-16T08:45:00 IST" name="AM" finished-at="2025-07-16T08:45:02 IST" duration-ms="1336" status="PASS">
          <reporter-output>
          </reporter-output>
        </test-method> <!-- AM -->
        <test-method is-config="true" signature="BM()[pri:0, instance:organization.CreateOrganizationTest@7098b907]" started-at="2025-07-16T08:45:02 IST" name="BM" finished-at="2025-07-16T08:45:05 IST" duration-ms="3040" status="PASS">
          <reporter-output>
          </reporter-output>
        </test-method> <!-- BM -->
        <test-method signature="m2()[pri:0, instance:organization.CreateOrganizationTest@7098b907]" started-at="2025-07-16T08:45:05 IST" name="m2" finished-at="2025-07-16T08:45:05 IST" duration-ms="6" status="PASS">
          <reporter-output>
          </reporter-output>
        </test-method> <!-- m2 -->
        <test-method is-config="true" signature="AM()[pri:0, instance:organization.CreateOrganizationTest@7098b907]" started-at="2025-07-16T08:45:05 IST" name="AM" finished-at="2025-07-16T08:45:08 IST" duration-ms="3596" status="PASS">
          <reporter-output>
          </reporter-output>
        </test-method> <!-- AM -->
        <test-method is-config="true" signature="AC()[pri:0, instance:organization.CreateOrganizationTest@7098b907]" started-at="2025-07-16T08:45:08 IST" name="AC" finished-at="2025-07-16T08:45:09 IST" duration-ms="541" status="PASS">
          <reporter-output>
          </reporter-output>
        </test-method> <!-- AC -->
      </class> <!-- organization.CreateOrganizationTest -->
      <class name="contact.CreatecontactTest">
        <test-method is-config="true" signature="BC()[pri:0, instance:contact.CreatecontactTest@503f91c3]" started-at="2025-07-16T08:45:09 IST" name="BC" finished-at="2025-07-16T08:45:10 IST" duration-ms="1115" status="PASS">
          <reporter-output>
          </reporter-output>
        </test-method> <!-- BC -->
        <test-method is-config="true" signature="BM()[pri:0, instance:contact.CreatecontactTest@503f91c3]" started-at="2025-07-16T08:45:10 IST" name="BM" finished-at="2025-07-16T08:45:15 IST" duration-ms="5249" status="PASS">
          <reporter-output>
          </reporter-output>
        </test-method> <!-- BM -->
        <test-method signature="createcontactTest()[pri:0, instance:contact.CreatecontactTest@503f91c3]" started-at="2025-07-16T08:45:15 IST" name="createcontactTest" finished-at="2025-07-16T08:45:24 IST" duration-ms="8670" status="PASS">
          <reporter-output>
          </reporter-output>
        </test-method> <!-- createcontactTest -->
        <test-method is-config="true" signature="AM()[pri:0, instance:contact.CreatecontactTest@503f91c3]" started-at="2025-07-16T08:45:24 IST" name="AM" finished-at="2025-07-16T08:45:25 IST" duration-ms="1039" status="PASS">
          <reporter-output>
          </reporter-output>
        </test-method> <!-- AM -->
        <test-method is-config="true" signature="AC()[pri:0, instance:contact.CreatecontactTest@503f91c3]" started-at="2025-07-16T08:45:25 IST" name="AC" finished-at="2025-07-16T08:45:26 IST" duration-ms="483" status="PASS">
          <reporter-output>
          </reporter-output>
        </test-method> <!-- AC -->
      </class> <!-- contact.CreatecontactTest -->
      <class name="campaign.CreateCampaignTest">
        <test-method is-config="true" signature="BS()[pri:0, instance:campaign.CreateCampaignTest@4f49f6af]" started-at="2025-07-16T08:44:19 IST" name="BS" finished-at="2025-07-16T08:44:19 IST" duration-ms="28" status="PASS">
          <reporter-output>
          </reporter-output>
        </test-method> <!-- BS -->
        <test-method is-config="true" signature="BT()[pri:0, instance:campaign.CreateCampaignTest@4f49f6af]" started-at="2025-07-16T08:44:19 IST" name="BT" finished-at="2025-07-16T08:44:19 IST" duration-ms="0" status="PASS">
          <reporter-output>
          </reporter-output>
        </test-method> <!-- BT -->
        <test-method is-config="true" signature="BC()[pri:0, instance:campaign.CreateCampaignTest@4f49f6af]" started-at="2025-07-16T08:44:19 IST" name="BC" finished-at="2025-07-16T08:44:24 IST" duration-ms="4950" status="PASS">
          <reporter-output>
          </reporter-output>
        </test-method> <!-- BC -->
        <test-method is-config="true" signature="BM()[pri:0, instance:campaign.CreateCampaignTest@4f49f6af]" started-at="2025-07-16T08:44:24 IST" name="BM" finished-at="2025-07-16T08:44:30 IST" duration-ms="5824" status="PASS">
          <reporter-output>
          </reporter-output>
        </test-method> <!-- BM -->
        <test-method signature="createCampaignTest()[pri:0, instance:campaign.CreateCampaignTest@4f49f6af]" started-at="2025-07-16T08:44:30 IST" name="createCampaignTest" finished-at="2025-07-16T08:44:42 IST" duration-ms="11502" status="PASS">
          <reporter-output>
          </reporter-output>
        </test-method> <!-- createCampaignTest -->
        <test-method is-config="true" signature="AM()[pri:0, instance:campaign.CreateCampaignTest@4f49f6af]" started-at="2025-07-16T08:44:42 IST" name="AM" finished-at="2025-07-16T08:44:43 IST" duration-ms="1613" status="PASS">
          <reporter-output>
          </reporter-output>
        </test-method> <!-- AM -->
        <test-method is-config="true" signature="AC()[pri:0, instance:campaign.CreateCampaignTest@4f49f6af]" started-at="2025-07-16T08:44:43 IST" name="AC" finished-at="2025-07-16T08:44:44 IST" duration-ms="1014" status="PASS">
          <reporter-output>
          </reporter-output>
        </test-method> <!-- AC -->
        <test-method is-config="true" signature="AT()[pri:0, instance:campaign.CreateCampaignTest@4f49f6af]" started-at="2025-07-16T08:45:26 IST" name="AT" finished-at="2025-07-16T08:45:26 IST" duration-ms="1" status="PASS">
          <reporter-output>
          </reporter-output>
        </test-method> <!-- AT -->
        <test-method is-config="true" signature="AS()[pri:0, instance:campaign.CreateCampaignTest@4f49f6af]" started-at="2025-07-16T08:45:26 IST" name="AS" finished-at="2025-07-16T08:45:26 IST" duration-ms="1" status="PASS">
          <reporter-output>
          </reporter-output>
        </test-method> <!-- AS -->
      </class> <!-- campaign.CreateCampaignTest -->
    </test> <!-- Test -->
  </suite> <!-- Suite -->
</testng-results>
