<?xml version="1.0" encoding="UTF-8"?>
<testng-results ignored="0" total="4" passed="4" failed="0" skipped="0">
  <reporter-output>
  </reporter-output>
  <suite started-at="2025-07-10T08:47:17 IST" name="Suite" finished-at="2025-07-10T08:48:56 IST" duration-ms="99025">
    <groups>
      <group name="regressionTest">
        <method signature="CreatecontactTest.createcontactTest()[pri:0, instance:contact.CreatecontactTest@503f91c3]" name="createcontactTest" class="contact.CreatecontactTest"/>
        <method signature="CreateOrganizationTest.createOrganizationTest()[pri:0, instance:organization.CreateOrganizationTest@7098b907]" name="createOrganizationTest" class="organization.CreateOrganizationTest"/>
      </group> <!-- regressionTest -->
      <group name="smokeTest">
        <method signature="CreateOrganizationTest.createOrganizationTest()[pri:0, instance:organization.CreateOrganizationTest@7098b907]" name="createOrganizationTest" class="organization.CreateOrganizationTest"/>
      </group> <!-- smokeTest -->
    </groups>
    <test started-at="2025-07-10T08:47:17 IST" name="Test" finished-at="2025-07-10T08:48:56 IST" duration-ms="99025">
      <class name="organization.CreateOrganizationTest">
        <test-method is-config="true" signature="BC()[pri:0, instance:organization.CreateOrganizationTest@7098b907]" started-at="2025-07-10T08:48:16 IST" name="BC" finished-at="2025-07-10T08:48:17 IST" duration-ms="1354" status="PASS">
          <reporter-output>
          </reporter-output>
        </test-method> <!-- BC -->
        <test-method is-config="true" signature="BM()[pri:0, instance:organization.CreateOrganizationTest@7098b907]" started-at="2025-07-10T08:48:17 IST" name="BM" finished-at="2025-07-10T08:48:22 IST" duration-ms="5157" status="PASS">
          <reporter-output>
          </reporter-output>
        </test-method> <!-- BM -->
        <test-method signature="createOrganizationTest()[pri:0, instance:organization.CreateOrganizationTest@7098b907]" started-at="2025-07-10T08:48:22 IST" name="createOrganizationTest" finished-at="2025-07-10T08:48:32 IST" duration-ms="9347" status="PASS">
          <reporter-output>
          </reporter-output>
        </test-method> <!-- createOrganizationTest -->
        <test-method is-config="true" signature="AM()[pri:0, instance:organization.CreateOrganizationTest@7098b907]" started-at="2025-07-10T08:48:32 IST" name="AM" finished-at="2025-07-10T08:48:33 IST" duration-ms="1095" status="PASS">
          <reporter-output>
          </reporter-output>
        </test-method> <!-- AM -->
        <test-method is-config="true" signature="BM()[pri:0, instance:organization.CreateOrganizationTest@7098b907]" started-at="2025-07-10T08:48:33 IST" name="BM" finished-at="2025-07-10T08:48:35 IST" duration-ms="2576" status="PASS">
          <reporter-output>
          </reporter-output>
        </test-method> <!-- BM -->
        <test-method signature="m2()[pri:0, instance:organization.CreateOrganizationTest@7098b907]" started-at="2025-07-10T08:48:35 IST" name="m2" finished-at="2025-07-10T08:48:35 IST" duration-ms="3" status="PASS">
          <reporter-output>
          </reporter-output>
        </test-method> <!-- m2 -->
        <test-method is-config="true" signature="AM()[pri:0, instance:organization.CreateOrganizationTest@7098b907]" started-at="2025-07-10T08:48:35 IST" name="AM" finished-at="2025-07-10T08:48:39 IST" duration-ms="3149" status="PASS">
          <reporter-output>
          </reporter-output>
        </test-method> <!-- AM -->
        <test-method is-config="true" signature="AC()[pri:0, instance:organization.CreateOrganizationTest@7098b907]" started-at="2025-07-10T08:48:39 IST" name="AC" finished-at="2025-07-10T08:48:39 IST" duration-ms="564" status="PASS">
          <reporter-output>
          </reporter-output>
        </test-method> <!-- AC -->
      </class> <!-- organization.CreateOrganizationTest -->
      <class name="contact.CreatecontactTest">
        <test-method is-config="true" signature="BC()[pri:0, instance:contact.CreatecontactTest@503f91c3]" started-at="2025-07-10T08:48:39 IST" name="BC" finished-at="2025-07-10T08:48:40 IST" duration-ms="1231" status="PASS">
          <reporter-output>
          </reporter-output>
        </test-method> <!-- BC -->
        <test-method is-config="true" signature="BM()[pri:0, instance:contact.CreatecontactTest@503f91c3]" started-at="2025-07-10T08:48:40 IST" name="BM" finished-at="2025-07-10T08:48:46 IST" duration-ms="5790" status="PASS">
          <reporter-output>
          </reporter-output>
        </test-method> <!-- BM -->
        <test-method signature="createcontactTest()[pri:0, instance:contact.CreatecontactTest@503f91c3]" started-at="2025-07-10T08:48:46 IST" name="createcontactTest" finished-at="2025-07-10T08:48:54 IST" duration-ms="7869" status="PASS">
          <reporter-output>
          </reporter-output>
        </test-method> <!-- createcontactTest -->
        <test-method is-config="true" signature="AM()[pri:0, instance:contact.CreatecontactTest@503f91c3]" started-at="2025-07-10T08:48:54 IST" name="AM" finished-at="2025-07-10T08:48:55 IST" duration-ms="1065" status="PASS">
          <reporter-output>
          </reporter-output>
        </test-method> <!-- AM -->
        <test-method is-config="true" signature="AC()[pri:0, instance:contact.CreatecontactTest@503f91c3]" started-at="2025-07-10T08:48:55 IST" name="AC" finished-at="2025-07-10T08:48:56 IST" duration-ms="502" status="PASS">
          <reporter-output>
          </reporter-output>
        </test-method> <!-- AC -->
      </class> <!-- contact.CreatecontactTest -->
      <class name="campaign.CreateCampaignTest">
        <test-method is-config="true" signature="BS()[pri:0, instance:campaign.CreateCampaignTest@4f49f6af]" started-at="2025-07-10T08:47:17 IST" name="BS" finished-at="2025-07-10T08:47:17 IST" duration-ms="24" status="PASS">
          <reporter-output>
          </reporter-output>
        </test-method> <!-- BS -->
        <test-method is-config="true" signature="BT()[pri:0, instance:campaign.CreateCampaignTest@4f49f6af]" started-at="2025-07-10T08:47:17 IST" name="BT" finished-at="2025-07-10T08:47:17 IST" duration-ms="1" status="PASS">
          <reporter-output>
          </reporter-output>
        </test-method> <!-- BT -->
        <test-method is-config="true" signature="BC()[pri:0, instance:campaign.CreateCampaignTest@4f49f6af]" started-at="2025-07-10T08:47:17 IST" name="BC" finished-at="2025-07-10T08:47:23 IST" duration-ms="5521" status="PASS">
          <reporter-output>
          </reporter-output>
        </test-method> <!-- BC -->
        <test-method is-config="true" signature="BM()[pri:0, instance:campaign.CreateCampaignTest@4f49f6af]" started-at="2025-07-10T08:47:23 IST" name="BM" finished-at="2025-07-10T08:47:41 IST" duration-ms="18261" status="PASS">
          <reporter-output>
          </reporter-output>
        </test-method> <!-- BM -->
        <test-method signature="createCampaignTest()[pri:0, instance:campaign.CreateCampaignTest@4f49f6af]" started-at="2025-07-10T08:47:41 IST" name="createCampaignTest" finished-at="2025-07-10T08:48:14 IST" duration-ms="32636" status="PASS">
          <reporter-output>
          </reporter-output>
        </test-method> <!-- createCampaignTest -->
        <test-method is-config="true" signature="AM()[pri:0, instance:campaign.CreateCampaignTest@4f49f6af]" started-at="2025-07-10T08:48:14 IST" name="AM" finished-at="2025-07-10T08:48:15 IST" duration-ms="1656" status="PASS">
          <reporter-output>
          </reporter-output>
        </test-method> <!-- AM -->
        <test-method is-config="true" signature="AC()[pri:0, instance:campaign.CreateCampaignTest@4f49f6af]" started-at="2025-07-10T08:48:15 IST" name="AC" finished-at="2025-07-10T08:48:16 IST" duration-ms="577" status="PASS">
          <reporter-output>
          </reporter-output>
        </test-method> <!-- AC -->
        <test-method is-config="true" signature="AT()[pri:0, instance:campaign.CreateCampaignTest@4f49f6af]" started-at="2025-07-10T08:48:56 IST" name="AT" finished-at="2025-07-10T08:48:56 IST" duration-ms="1" status="PASS">
          <reporter-output>
          </reporter-output>
        </test-method> <!-- AT -->
        <test-method is-config="true" signature="AS()[pri:0, instance:campaign.CreateCampaignTest@4f49f6af]" started-at="2025-07-10T08:48:56 IST" name="AS" finished-at="2025-07-10T08:48:56 IST" duration-ms="0" status="PASS">
          <reporter-output>
          </reporter-output>
        </test-method> <!-- AS -->
      </class> <!-- campaign.CreateCampaignTest -->
    </test> <!-- Test -->
  </suite> <!-- Suite -->
</testng-results>
