<?xml version="1.0" encoding="UTF-8"?>
<!-- Generated by org.testng.reporters.JUnitXMLReporter -->
<testsuite ignored="8" hostname="Vishnupriya-K" failures="0" tests="4" name="Test" time="99.025" errors="0" timestamp="2025-07-10T08:48:56 IST">
  <testcase classname="campaign.CreateCampaignTest" name="createCampaignTest" time="32.636"/>
  <testcase classname="organization.CreateOrganizationTest" name="createOrganizationTest" time="9.347"/>
  <testcase classname="organization.CreateOrganizationTest" name="m2" time="0.003"/>
  <testcase classname="contact.CreatecontactTest" name="createcontactTest" time="7.869"/>
  <testcase classname="Genric_Utilities.BaseClass" name="@AfterTest AT" time="0.0">
    <ignored/>
  </testcase> <!-- @AfterTest AT -->
  <testcase classname="Genric_Utilities.BaseClass" name="@BeforeTest BT" time="0.0">
    <ignored/>
  </testcase> <!-- @BeforeTest BT -->
  <testcase classname="Genric_Utilities.BaseClass" name="@AfterSuite AS" time="0.0">
    <ignored/>
  </testcase> <!-- @AfterSuite AS -->
  <testcase classname="Genric_Utilities.BaseClass" name="@BeforeSuite BS" time="0.0">
    <ignored/>
  </testcase> <!-- @BeforeSuite BS -->
  <testcase classname="Genric_Utilities.BaseClass" name="@BeforeSuite BS" time="0.0">
    <ignored/>
  </testcase> <!-- @BeforeSuite BS -->
  <testcase classname="Genric_Utilities.BaseClass" name="@BeforeTest BT" time="0.0">
    <ignored/>
  </testcase> <!-- @BeforeTest BT -->
  <testcase classname="Genric_Utilities.BaseClass" name="@AfterSuite AS" time="0.0">
    <ignored/>
  </testcase> <!-- @AfterSuite AS -->
  <testcase classname="Genric_Utilities.BaseClass" name="@AfterTest AT" time="0.0">
    <ignored/>
  </testcase> <!-- @AfterTest AT -->
</testsuite> <!-- Test -->
